<?xml version="1.0" encoding="UTF-8"?>
<!-- Generated by org.testng.reporters.JUnitXMLReporter -->
<testsuite ignored="0" hostname="DESKTOP-AEMNA5G" failures="0" tests="3" name="Surefire test" time="8.827" errors="0" timestamp="2025-04-09T12:00:28 ART">
  <testcase classname="com.seleniumjava.test.RegistrationTest" name="testRegistration" time="3.146"/>
  <testcase classname="com.seleniumjava.test.RegistrationTest" name="testRegistration" time="0.436"/>
  <testcase classname="com.seleniumjava.test.RegistrationTest" name="testRegistration" time="0.4"/>
</testsuite> <!-- Surefire test -->
