<?xml version="1.0" encoding="UTF-8"?>
<!-- Generated by org.testng.reporters.JUnitReportReporter -->
<testsuite hostname="DESKTOP-AEMNA5G" failures="0" tests="3" name="com.seleniumjava.test.RegistrationTest" time="3.982" errors="0" timestamp="2025-04-09T12:00:28 ART" skipped="0">
  <testcase classname="com.seleniumjava.test.RegistrationTest" name="testRegistration" time="0.436"/>
  <system-out/>
  <testcase classname="com.seleniumjava.test.RegistrationTest" name="testRegistration" time="3.146"/>
  <system-out/>
  <testcase classname="com.seleniumjava.test.RegistrationTest" name="testRegistration" time="0.400"/>
  <system-out/>
</testsuite> <!-- com.seleniumjava.test.RegistrationTest -->
