<?xml version="1.0" encoding="UTF-8"?>
<testng-results ignored="0" total="3" passed="3" failed="0" skipped="0">
  <reporter-output>
  </reporter-output>
  <suite started-at="2025-04-09T12:00:19 ART" name="Surefire suite" finished-at="2025-04-09T12:00:28 ART" duration-ms="8827">
    <groups>
    </groups>
    <test started-at="2025-04-09T12:00:19 ART" name="Surefire test" finished-at="2025-04-09T12:00:28 ART" duration-ms="8827">
      <class name="com.seleniumjava.test.RegistrationTest">
        <test-method is-config="true" signature="setUp()[pri:0, instance:com.seleniumjava.test.RegistrationTest@1f3f4916]" started-at="2025-04-09T12:00:19 ART" name="setUp" finished-at="2025-04-09T12:00:23 ART" duration-ms="3693" status="PASS">
          <reporter-output>
          </reporter-output>
        </test-method> <!-- setUp -->
        <test-method signature="testRegistration(java.lang.String,java.lang.String,java.lang.String,java.lang.String,java.lang.String)[pri:0, instance:com.seleniumjava.test.RegistrationTest@1f3f4916]" started-at="2025-04-09T12:00:24 ART" name="testRegistration" data-provider="registrationData" finished-at="2025-04-09T12:00:27 ART" duration-ms="3146" status="PASS">
          <params>
            <param index="0">
              <value>
                <![CDATA["test1"]]>
              </value>
            </param>
            <param index="1">
              <value>
                <![CDATA["john"]]>
              </value>
            </param>
            <param index="2">
              <value>
                <![CDATA["doe1"]]>
              </value>
            </param>
            <param index="3">
              <value>
                <![CDATA["Jdoe123$"]]>
              </value>
            </param>
            <param index="4">
              <value>
                <![CDATA["Jdoe123$"]]>
              </value>
            </param>
          </params>
          <reporter-output>
          </reporter-output>
        </test-method> <!-- testRegistration -->
        <test-method signature="testRegistration(java.lang.String,java.lang.String,java.lang.String,java.lang.String,java.lang.String)[pri:0, instance:com.seleniumjava.test.RegistrationTest@1f3f4916]" started-at="2025-04-09T12:00:27 ART" name="testRegistration" data-provider="registrationData" finished-at="2025-04-09T12:00:27 ART" duration-ms="436" status="PASS">
          <params>
            <param index="0">
              <value>
                <![CDATA["test2"]]>
              </value>
            </param>
            <param index="1">
              <value>
                <![CDATA["john"]]>
              </value>
            </param>
            <param index="2">
              <value>
                <![CDATA["doe2"]]>
              </value>
            </param>
            <param index="3">
              <value>
                <![CDATA["Jdoe123$"]]>
              </value>
            </param>
            <param index="4">
              <value>
                <![CDATA["Jdoe1234$"]]>
              </value>
            </param>
          </params>
          <reporter-output>
          </reporter-output>
        </test-method> <!-- testRegistration -->
        <test-method signature="testRegistration(java.lang.String,java.lang.String,java.lang.String,java.lang.String,java.lang.String)[pri:0, instance:com.seleniumjava.test.RegistrationTest@1f3f4916]" started-at="2025-04-09T12:00:27 ART" name="testRegistration" data-provider="registrationData" finished-at="2025-04-09T12:00:28 ART" duration-ms="400" status="PASS">
          <params>
            <param index="0">
              <value>
                <![CDATA["test3"]]>
              </value>
            </param>
            <param index="1">
              <value>
                <![CDATA["john"]]>
              </value>
            </param>
            <param index="2">
              <value>
                <![CDATA["doe3"]]>
              </value>
            </param>
            <param index="3">
              <value>
                <![CDATA["jdoe123$"]]>
              </value>
            </param>
            <param index="4">
              <value>
                <![CDATA["jdoe123$"]]>
              </value>
            </param>
          </params>
          <reporter-output>
          </reporter-output>
        </test-method> <!-- testRegistration -->
        <test-method is-config="true" signature="tearDown()[pri:0, instance:com.seleniumjava.test.RegistrationTest@1f3f4916]" started-at="2025-04-09T12:00:28 ART" name="tearDown" finished-at="2025-04-09T12:00:28 ART" duration-ms="476" status="PASS">
          <reporter-output>
          </reporter-output>
        </test-method> <!-- tearDown -->
      </class> <!-- com.seleniumjava.test.RegistrationTest -->
    </test> <!-- Surefire test -->
  </suite> <!-- Surefire suite -->
</testng-results>
