<?xml version="1.0" encoding="UTF-8"?>
<testsuite xmlns:xsi="http://www.w3.org/2001/XMLSchema-instance" xsi:noNamespaceSchemaLocation="https://maven.apache.org/surefire/maven-surefire-plugin/xsd/surefire-test-report-3.0.xsd" version="3.0" name="com.seleniumjava.test.RegistrationTest" time="9.265" tests="3" errors="0" skipped="0" failures="0">
  <properties>
[...]
</properties>
  <testcase name="testRegistration[&quot;test1&quot;, &quot;john&quot;, &quot;doe1&quot;, &quot;Jdoe123$&quot;, &quot;Jdoe123$&quot;](1)" classname="com.seleniumjava.test.RegistrationTest" time="3.145">
    <system-out><![CDATA[Datos extraídos del Excel:
["test1", "john", "doe1", "Jdoe123$", "Jdoe123$"]
["test2", "john", "doe2", "Jdoe123$", "Jdoe1234$"]
["test3", "john", "doe3", "jdoe123$", "jdoe123$"]
]]></system-out>
    <system-err><![CDATA[SLF4J: Failed to load class "org.slf4j.impl.StaticLoggerBinder".
SLF4J: Defaulting to no-operation (NOP) logger implementation
SLF4J: See http://www.slf4j.org/codes.html#StaticLoggerBinder for further details.
abr 09, 2025 12:00:21 P. M. org.openqa.selenium.devtools.CdpVersionFinder findNearestMatch
WARNING: Unable to find an exact match for CDP version 135, returning the closest version; found: 133; Please update to a Selenium version that supports CDP version 135
ERROR StatusLogger Log4j2 could not find a logging implementation. Please add log4j-core to the classpath. Using SimpleLogger to log to the console...
]]></system-err>
  </testcase>
  <testcase name="testRegistration[&quot;test2&quot;, &quot;john&quot;, &quot;doe2&quot;, &quot;Jdoe123$&quot;, &quot;Jdoe1234$&quot;](2)" classname="com.seleniumjava.test.RegistrationTest" time="0.436"/>
  <testcase name="testRegistration[&quot;test3&quot;, &quot;john&quot;, &quot;doe3&quot;, &quot;jdoe123$&quot;, &quot;jdoe123$&quot;](3)" classname="com.seleniumjava.test.RegistrationTest" time="0.401"/>
</testsuite>